<?xml version="1.0" encoding="UTF-8"?>
<!-- Generated by org.testng.reporters.JUnitXMLReporter -->
<testsuite ignored="0" hostname="DESKTOP-FQ65L3U" failures="1" tests="2" name="Test" time="49.826" errors="0" timestamp="2022-03-30T10:32:05 IST">
  <testcase classname="testClasses.textClass1" name="verifyloginpage" time="4.659"/>
  <testcase classname="testClasses.textClass1" name="verifyhomepage" time="21.138">
    <failure type="java.io.IOException" message="Your InputStream was neither an OLE2 stream, nor an OOXML stream or you haven&amp;apos;t provide the poi-ooxml*.jar in the classpath/modulepath - FileMagic: OOXML, having providers: [org.apache.poi.hssf.usermodel.HSSFWorkbookFactory@81b5db0]">
      <![CDATA[java.io.IOException: Your InputStream was neither an OLE2 stream, nor an OOXML stream or you haven't provide the poi-ooxml*.jar in the classpath/modulepath - FileMagic: OOXML, having providers: [org.apache.poi.hssf.usermodel.HSSFWorkbookFactory@81b5db0]
at org.apache.poi.ss.usermodel.WorkbookFactory.wp(WorkbookFactory.java:334)
at org.apache.poi.ss.usermodel.WorkbookFactory.create(WorkbookFactory.java:224)
at org.apache.poi.ss.usermodel.WorkbookFactory.create(WorkbookFactory.java:185)
at utilClasses.utilClass1.getMultipleDataFromXcel(utilClass1.java:50)
at pomClasses.Profilepage.getDataForAddress(Profilepage.java:66)
at testClasses.textClass1.verifyhomepage(textClass1.java:118)
at java.base/java.util.ArrayList.forEach(ArrayList.java:1511)
... Removed 27 stack frames]]>
    </failure>
  </testcase> <!-- verifyhomepage -->
</testsuite> <!-- Test -->
